Build started 3/5/2015 4:16:57 AM.
     1>Project "E:\Courses\OOD\Projects\FileCatalogue\Executive\Executive.vcxproj" on node 4 (Build target(s)).
     1>ClCompile:
         C:\Program Files (x86)\Microsoft Visual Studio 12.0\VC\bin\CL.exe /c /ZI /nologo /W3 /WX- /sdl /Od /Oy- /D _MBCS /D _MBCS /D TEST_EXECUTIVE /Gm /EHsc /RTC1 /MDd /GS /fp:precise /Zc:wchar_t /Zc:forScope /Fo"Debug\\" /Fd"Debug\vc120.pdb" /FR"Debug\\" /Gd /TP /analyze- /errorReport:prompt ..\DataStore\DataStore.cpp ..\Display\Display.cpp ..\FileManager\FileManager.cpp ..\FileManager\FileSystem.cpp Executive.cpp
         Executive.cpp
         FileSystem.cpp
         FileManager.cpp
         Display.cpp
         DataStore.cpp
         Generating Code...
       Link:
         C:\Program Files (x86)\Microsoft Visual Studio 12.0\VC\bin\link.exe /ERRORREPORT:PROMPT /OUT:"E:\Courses\OOD\Projects\FileCatalogue\Debug\Executive.exe" /INCREMENTAL /NOLOGO kernel32.lib user32.lib gdi32.lib winspool.lib comdlg32.lib advapi32.lib shell32.lib ole32.lib oleaut32.lib uuid.lib odbc32.lib odbccp32.lib /MANIFEST /MANIFESTUAC:"level='asInvoker' uiAccess='false'" /manifest:embed /DEBUG /PDB:"E:\Courses\OOD\Projects\FileCatalogue\Debug\Executive.pdb" /TLBID:1 /DYNAMICBASE /NXCOMPAT /IMPLIB:"E:\Courses\OOD\Projects\FileCatalogue\Debug\Executive.lib" /MACHINE:X86 Debug\DataStore.obj
         Debug\Display.obj
         Debug\FileManager.obj
         Debug\FileSystem.obj
         Debug\Executive.obj
         Executive.vcxproj -> E:\Courses\OOD\Projects\FileCatalogue\Debug\Executive.exe
       BscMake:
         C:\Program Files (x86)\Microsoft Visual Studio 12.0\VC\bin\bscmake.exe /nologo /o"E:\Courses\OOD\Projects\FileCatalogue\Debug\Executive.bsc" /n Debug\DataStore.sbr Debug\Display.sbr Debug\FileManager.sbr Debug\FileSystem.sbr Debug\Executive.sbr
     1>Done Building Project "E:\Courses\OOD\Projects\FileCatalogue\Executive\Executive.vcxproj" (Build target(s)).

Build succeeded.

Time Elapsed 00:00:11.63
